0 silly argv {
0 silly argv   _: [ 'run' ],
0 silly argv   lernaVersion: '4.0.0',
0 silly argv   '$0': 'node_modules\\lerna\\cli.js',
0 silly argv   script: 'build'
0 silly argv }
1 notice cli v4.0.0
2 verbose rootPath C:\Users\gan\vscode\ppqa
3 error JSONError: Unexpected token "}" (0x7D) in JSON at position 373 while parsing near "...est\": \"^1.22.0\",\r\n  },\r\n  \"dependencies\"..." in packages\qa-framework\package.json
3 error
3 error [0m [90m 13 |[39m   [32m"devDependencies"[39m[33m:[39m {[0m
3 error [0m [90m 14 |[39m     [32m"@playwright/test"[39m[33m:[39m [32m"^1.22.0"[39m[33m,[39m[0m
3 error [0m[31m[1m>[22m[39m[90m 15 |[39m   }[33m,[39m[0m
3 error [0m [90m    |[39m   [31m[1m^[22m[39m[0m
3 error [0m [90m 16 |[39m   [32m"dependencies"[39m[33m:[39m {[0m
3 error [0m [90m 17 |[39m     [32m"playwright"[39m[33m:[39m [32m"^1.22.1"[39m[33m,[39m[0m
3 error [0m [90m 18 |[39m     [32m"tsc"[39m[33m:[39m [32m"^2.0.4"[39m[33m,[39m[0m
3 error
3 error     at parseJson (C:\Users\gan\vscode\ppqa\node_modules\parse-json\index.js:29:21)
3 error     at parse (C:\Users\gan\vscode\ppqa\node_modules\load-json-file\index.js:15:9)
3 error     at module.exports (C:\Users\gan\vscode\ppqa\node_modules\load-json-file\index.js:18:47)
